2023-06-21 17:42:32,348 : INFO : Doc2Vec lifecycle event {'params': 'Doc2Vec<dbow+w,d768,n5,w8,mc5,s0.001,t17>', 'datetime': '2023-06-21T17:42:32.339497', 'gensim': '4.2.0', 'python': '3.6.8 (default, Sep  9 2021, 07:49:02) \n[GCC 8.5.0 20210514 (Red Hat 8.5.0-3)]', 'platform': 'Linux-4.18.0-348.23.1.el8_5.x86_64-x86_64-with-redhat-8.5-Ootpa', 'event': 'created'}
2023-06-21 17:42:32,348 : INFO : collecting all words and their counts
2023-06-21 17:42:32,353 : INFO : PROGRESS: at example #0, processed 0 words (0 words/s), 0 word types, 0 tags
2023-06-21 17:45:26,668 : INFO : PROGRESS: at example #500000, processed 670140269 words (3844437 words/s), 3243304 word types, 500000 tags
2023-06-21 17:47:05,229 : INFO : PROGRESS: at example #1000000, processed 1041550855 words (3768436 words/s), 4503496 word types, 1000000 tags
2023-06-21 17:48:23,573 : INFO : PROGRESS: at example #1500000, processed 1333902086 words (3731628 words/s), 5454633 word types, 1500000 tags
2023-06-21 17:49:30,862 : INFO : PROGRESS: at example #2000000, processed 1583336660 words (3706913 words/s), 6233581 word types, 2000000 tags
2023-06-21 17:50:37,640 : INFO : PROGRESS: at example #2500000, processed 1828458553 words (3670754 words/s), 6993121 word types, 2500000 tags
2023-06-21 17:51:43,797 : INFO : PROGRESS: at example #3000000, processed 2069030476 words (3636351 words/s), 7725947 word types, 3000000 tags
2023-06-21 17:52:48,572 : INFO : PROGRESS: at example #3500000, processed 2308442286 words (3696065 words/s), 8414816 word types, 3500000 tags
2023-06-21 17:53:52,647 : INFO : PROGRESS: at example #4000000, processed 2536978127 words (3566708 words/s), 9040276 word types, 4000000 tags
2023-06-21 17:54:53,007 : INFO : PROGRESS: at example #4500000, processed 2757135078 words (3647401 words/s), 9671819 word types, 4500000 tags
2023-06-21 17:55:57,975 : INFO : PROGRESS: at example #5000000, processed 2986349133 words (3528130 words/s), 10294857 word types, 5000000 tags
2023-06-21 17:57:09,303 : INFO : collected 10730194 word types and 5365031 unique tags from a corpus of 5365031 examples and 3146240144 words
2023-06-21 17:57:14,845 : INFO : Doc2Vec lifecycle event {'msg': 'max_final_vocab=1000000 and min_count=5 resulted in calc_min_count=24, effective_min_count=24', 'datetime': '2023-06-21T17:57:14.845795', 'gensim': '4.2.0', 'python': '3.6.8 (default, Sep  9 2021, 07:49:02) \n[GCC 8.5.0 20210514 (Red Hat 8.5.0-3)]', 'platform': 'Linux-4.18.0-348.23.1.el8_5.x86_64-x86_64-with-redhat-8.5-Ootpa', 'event': 'prepare_vocab'}
2023-06-21 17:57:14,846 : INFO : Creating a fresh vocabulary
2023-06-21 17:57:21,240 : INFO : Doc2Vec lifecycle event {'msg': 'effective_min_count=24 retains 998928 unique words (9.31% of original 10730194, drops 9731266)', 'datetime': '2023-06-21T17:57:21.240210', 'gensim': '4.2.0', 'python': '3.6.8 (default, Sep  9 2021, 07:49:02) \n[GCC 8.5.0 20210514 (Red Hat 8.5.0-3)]', 'platform': 'Linux-4.18.0-348.23.1.el8_5.x86_64-x86_64-with-redhat-8.5-Ootpa', 'event': 'prepare_vocab'}
2023-06-21 17:57:21,240 : INFO : Doc2Vec lifecycle event {'msg': 'effective_min_count=24 leaves 3117063728 word corpus (99.07% of original 3146240144, drops 29176416)', 'datetime': '2023-06-21T17:57:21.240430', 'gensim': '4.2.0', 'python': '3.6.8 (default, Sep  9 2021, 07:49:02) \n[GCC 8.5.0 20210514 (Red Hat 8.5.0-3)]', 'platform': 'Linux-4.18.0-348.23.1.el8_5.x86_64-x86_64-with-redhat-8.5-Ootpa', 'event': 'prepare_vocab'}
2023-06-21 17:57:26,229 : INFO : deleting the raw counts dictionary of 10730194 items
2023-06-21 17:57:26,376 : INFO : sample=0.001 downsamples 23 most-common words
2023-06-21 17:57:26,376 : INFO : Doc2Vec lifecycle event {'msg': 'downsampling leaves estimated 2536170556.7678967 word corpus (81.4%% of prior 3117063728)', 'datetime': '2023-06-21T17:57:26.376450', 'gensim': '4.2.0', 'python': '3.6.8 (default, Sep  9 2021, 07:49:02) \n[GCC 8.5.0 20210514 (Red Hat 8.5.0-3)]', 'platform': 'Linux-4.18.0-348.23.1.el8_5.x86_64-x86_64-with-redhat-8.5-Ootpa', 'event': 'prepare_vocab'}
2023-06-21 17:57:35,209 : INFO : estimated required memory for 998928 words and 768 dimensions: 24191259064 bytes
2023-06-21 17:57:35,209 : INFO : resetting layer weights
2023-06-21 17:57:55,035 : INFO : Doc2Vec lifecycle event {'msg': 'training model with 17 workers on 998928 vocabulary and 768 features, using sg=1 hs=0 sample=0.001 negative=5 window=8 shrink_windows=True', 'datetime': '2023-06-21T17:57:55.035535', 'gensim': '4.2.0', 'python': '3.6.8 (default, Sep  9 2021, 07:49:02) \n[GCC 8.5.0 20210514 (Red Hat 8.5.0-3)]', 'platform': 'Linux-4.18.0-348.23.1.el8_5.x86_64-x86_64-with-redhat-8.5-Ootpa', 'event': 'train'}
2023-06-21 17:57:56,043 : INFO : EPOCH 0 - PROGRESS: at 0.00% examples, 50917 words/s, in_qsize 33, out_qsize 0
2023-06-21 18:27:56,108 : INFO : EPOCH 0 - PROGRESS: at 10.28% examples, 315688 words/s, in_qsize 34, out_qsize 0
2023-06-21 18:57:56,144 : INFO : EPOCH 0 - PROGRESS: at 31.22% examples, 315360 words/s, in_qsize 33, out_qsize 0
2023-06-21 19:27:56,167 : INFO : EPOCH 0 - PROGRESS: at 58.21% examples, 315491 words/s, in_qsize 34, out_qsize 0
2023-06-21 19:57:56,271 : INFO : EPOCH 0 - PROGRESS: at 87.07% examples, 315989 words/s, in_qsize 34, out_qsize 1
2023-06-21 20:10:54,592 : INFO : EPOCH 0: training on 3146240144 raw words (2525276038 effective words) took 7979.6s, 316468 effective words/s
2023-06-21 20:10:55,614 : INFO : EPOCH 1 - PROGRESS: at 0.00% examples, 263570 words/s, in_qsize 34, out_qsize 0
2023-06-21 20:40:55,615 : INFO : EPOCH 1 - PROGRESS: at 10.70% examples, 324187 words/s, in_qsize 33, out_qsize 0
2023-06-21 21:10:55,626 : INFO : EPOCH 1 - PROGRESS: at 32.49% examples, 323213 words/s, in_qsize 33, out_qsize 0
2023-06-21 21:40:55,630 : INFO : EPOCH 1 - PROGRESS: at 60.23% examples, 323263 words/s, in_qsize 34, out_qsize 0
2023-06-21 22:10:55,652 : INFO : EPOCH 1 - PROGRESS: at 89.80% examples, 323456 words/s, in_qsize 34, out_qsize 0
2023-06-21 22:20:59,604 : INFO : EPOCH 1: training on 3146240144 raw words (2525283795 effective words) took 7805.0s, 323547 effective words/s
2023-06-21 22:21:00,641 : INFO : EPOCH 2 - PROGRESS: at 0.00% examples, 262552 words/s, in_qsize 34, out_qsize 0
2023-06-21 22:51:00,669 : INFO : EPOCH 2 - PROGRESS: at 10.84% examples, 326817 words/s, in_qsize 34, out_qsize 0
2023-06-21 23:21:00,695 : INFO : EPOCH 2 - PROGRESS: at 32.97% examples, 326147 words/s, in_qsize 34, out_qsize 0
2023-06-21 23:51:00,714 : INFO : EPOCH 2 - PROGRESS: at 60.85% examples, 325532 words/s, in_qsize 34, out_qsize 0
2023-06-22 00:21:00,739 : INFO : EPOCH 2 - PROGRESS: at 90.20% examples, 324675 words/s, in_qsize 34, out_qsize 0
2023-06-22 00:30:50,810 : INFO : EPOCH 2: training on 3146240144 raw words (2525297442 effective words) took 7791.2s, 324122 effective words/s
2023-06-22 00:30:51,819 : INFO : EPOCH 3 - PROGRESS: at 0.00% examples, 267404 words/s, in_qsize 33, out_qsize 0
2023-06-22 01:00:51,855 : INFO : EPOCH 3 - PROGRESS: at 10.44% examples, 318835 words/s, in_qsize 34, out_qsize 0
2023-06-22 01:30:51,884 : INFO : EPOCH 3 - PROGRESS: at 31.59% examples, 317612 words/s, in_qsize 34, out_qsize 0
2023-06-22 02:00:51,906 : INFO : EPOCH 3 - PROGRESS: at 58.64% examples, 317197 words/s, in_qsize 34, out_qsize 0
2023-06-22 02:30:51,972 : INFO : EPOCH 3 - PROGRESS: at 87.44% examples, 317009 words/s, in_qsize 33, out_qsize 0
2023-06-22 02:43:36,920 : INFO : EPOCH 3: training on 3146240144 raw words (2525262829 effective words) took 7966.1s, 317001 effective words/s
2023-06-22 02:43:37,927 : INFO : EPOCH 4 - PROGRESS: at 0.00% examples, 260334 words/s, in_qsize 34, out_qsize 0
2023-06-22 03:13:37,937 : INFO : EPOCH 4 - PROGRESS: at 10.44% examples, 319003 words/s, in_qsize 34, out_qsize 0
2023-06-22 03:43:37,953 : INFO : EPOCH 4 - PROGRESS: at 31.63% examples, 317905 words/s, in_qsize 33, out_qsize 0
2023-06-22 04:13:37,981 : INFO : EPOCH 4 - PROGRESS: at 58.69% examples, 317381 words/s, in_qsize 33, out_qsize 1
2023-06-22 04:43:38,032 : INFO : EPOCH 4 - PROGRESS: at 87.48% examples, 317150 words/s, in_qsize 34, out_qsize 0
2023-06-22 04:56:20,249 : INFO : EPOCH 4: training on 3146240144 raw words (2525289239 effective words) took 7963.3s, 317115 effective words/s
2023-06-22 04:56:21,267 : INFO : EPOCH 5 - PROGRESS: at 0.00% examples, 259421 words/s, in_qsize 33, out_qsize 0
2023-06-22 05:26:21,299 : INFO : EPOCH 5 - PROGRESS: at 10.43% examples, 318771 words/s, in_qsize 34, out_qsize 0
2023-06-22 05:56:21,303 : INFO : EPOCH 5 - PROGRESS: at 31.59% examples, 317653 words/s, in_qsize 34, out_qsize 0
2023-06-22 06:26:21,310 : INFO : EPOCH 5 - PROGRESS: at 58.62% examples, 317121 words/s, in_qsize 34, out_qsize 0
2023-06-22 06:56:21,328 : INFO : EPOCH 5 - PROGRESS: at 87.39% examples, 316867 words/s, in_qsize 34, out_qsize 0
2023-06-22 07:09:11,108 : INFO : EPOCH 5: training on 3146240144 raw words (2525273742 effective words) took 7970.9s, 316813 effective words/s
2023-06-22 07:09:12,122 : INFO : EPOCH 6 - PROGRESS: at 0.00% examples, 260566 words/s, in_qsize 33, out_qsize 0
2023-06-22 07:39:12,142 : INFO : EPOCH 6 - PROGRESS: at 10.41% examples, 318281 words/s, in_qsize 34, out_qsize 0
2023-06-22 08:09:12,165 : INFO : EPOCH 6 - PROGRESS: at 31.51% examples, 317141 words/s, in_qsize 33, out_qsize 0
2023-06-22 08:39:12,196 : INFO : EPOCH 6 - PROGRESS: at 58.46% examples, 316480 words/s, in_qsize 34, out_qsize 0
2023-06-22 09:09:12,207 : INFO : EPOCH 6 - PROGRESS: at 87.11% examples, 316088 words/s, in_qsize 33, out_qsize 0
2023-06-22 09:22:22,467 : INFO : EPOCH 6: training on 3146240144 raw words (2525294623 effective words) took 7991.4s, 316003 effective words/s
2023-06-22 09:22:23,488 : INFO : EPOCH 7 - PROGRESS: at 0.00% examples, 256722 words/s, in_qsize 34, out_qsize 0
2023-06-22 09:52:23,500 : INFO : EPOCH 7 - PROGRESS: at 10.46% examples, 319311 words/s, in_qsize 33, out_qsize 0
2023-06-22 10:22:23,540 : INFO : EPOCH 7 - PROGRESS: at 31.98% examples, 319980 words/s, in_qsize 33, out_qsize 0
2023-06-22 10:52:23,541 : INFO : EPOCH 7 - PROGRESS: at 58.87% examples, 318119 words/s, in_qsize 33, out_qsize 0
2023-06-22 11:22:23,569 : INFO : EPOCH 7 - PROGRESS: at 87.48% examples, 317138 words/s, in_qsize 33, out_qsize 0
2023-06-22 11:35:12,194 : INFO : EPOCH 7: training on 3146240144 raw words (2525272348 effective words) took 7969.7s, 316858 effective words/s
2023-06-22 11:35:13,212 : INFO : EPOCH 8 - PROGRESS: at 0.00% examples, 259354 words/s, in_qsize 34, out_qsize 0
2023-06-22 12:05:13,222 : INFO : EPOCH 8 - PROGRESS: at 10.32% examples, 316388 words/s, in_qsize 34, out_qsize 1
2023-06-22 12:35:13,223 : INFO : EPOCH 8 - PROGRESS: at 31.20% examples, 315231 words/s, in_qsize 34, out_qsize 0
2023-06-22 13:05:13,235 : INFO : EPOCH 8 - PROGRESS: at 57.96% examples, 314569 words/s, in_qsize 34, out_qsize 0
2023-06-22 13:35:13,308 : INFO : EPOCH 8 - PROGRESS: at 86.40% examples, 314195 words/s, in_qsize 34, out_qsize 0
2023-06-22 13:49:12,100 : INFO : EPOCH 8: training on 3146240144 raw words (2525275337 effective words) took 8039.9s, 314093 effective words/s
2023-06-22 13:49:13,118 : INFO : EPOCH 9 - PROGRESS: at 0.00% examples, 259811 words/s, in_qsize 34, out_qsize 0
2023-06-22 14:19:13,120 : INFO : EPOCH 9 - PROGRESS: at 10.25% examples, 315067 words/s, in_qsize 34, out_qsize 0
2023-06-22 14:49:13,151 : INFO : EPOCH 9 - PROGRESS: at 31.10% examples, 314618 words/s, in_qsize 33, out_qsize 1
2023-06-22 15:19:13,151 : INFO : EPOCH 9 - PROGRESS: at 58.28% examples, 315787 words/s, in_qsize 33, out_qsize 0
2023-06-22 15:49:13,157 : INFO : EPOCH 9 - PROGRESS: at 86.61% examples, 314731 words/s, in_qsize 33, out_qsize 0
2023-06-22 16:02:58,601 : INFO : EPOCH 9: training on 3146240144 raw words (2525266002 effective words) took 8026.5s, 314616 effective words/s
2023-06-22 16:02:58,602 : INFO : Doc2Vec lifecycle event {'msg': 'training on 31462401440 raw words (25252791395 effective words) took 79503.6s, 317631 effective words/s', 'datetime': '2023-06-22T16:02:58.602710', 'gensim': '4.2.0', 'python': '3.6.8 (default, Sep  9 2021, 07:49:02) \n[GCC 8.5.0 20210514 (Red Hat 8.5.0-3)]', 'platform': 'Linux-4.18.0-348.23.1.el8_5.x86_64-x86_64-with-redhat-8.5-Ootpa', 'event': 'train'}
2023-06-22 16:02:58,602 : INFO : Doc2Vec lifecycle event {'fname_or_handle': '/scratch/santacro/doc2vec_dbow_768.model', 'separately': 'None', 'sep_limit': 10485760, 'ignore': frozenset(), 'datetime': '2023-06-22T16:02:58.602863', 'gensim': '4.2.0', 'python': '3.6.8 (default, Sep  9 2021, 07:49:02) \n[GCC 8.5.0 20210514 (Red Hat 8.5.0-3)]', 'platform': 'Linux-4.18.0-348.23.1.el8_5.x86_64-x86_64-with-redhat-8.5-Ootpa', 'event': 'saving'}
2023-06-22 16:02:58,603 : INFO : storing np array 'vectors' to /scratch/santacro/doc2vec_dbow_768.model.dv.vectors.npy
2023-06-22 16:03:04,447 : INFO : storing np array 'vectors' to /scratch/santacro/doc2vec_dbow_768.model.wv.vectors.npy
2023-06-22 16:03:05,558 : INFO : storing np array 'syn1neg' to /scratch/santacro/doc2vec_dbow_768.model.syn1neg.npy
2023-06-22 16:03:06,677 : INFO : not storing attribute cum_table
2023-06-22 16:03:10,093 : INFO : saved /scratch/santacro/doc2vec_dbow_768.model
